# JRE version: Java(TM) SE Runtime Environment (8.0_51-b16) (build 1.8.0_51-b16)
# Java VM: Java HotSpot(TM) Client VM (25.51-b03 mixed mode windows-x86 )
Heap:
 def new generation   total 4928K, used 4028K [0x02c00000, 0x03150000, 0x08150000)
  eden space 4416K,  79% used [0x02c00000, 0x02f6f068, 0x03050000)
  from space 512K,  99% used [0x030d0000, 0x0314fff8, 0x03150000)
  to   space 512K,   0% used [0x03050000, 0x03050000, 0x030d0000)
 tenured generation   total 10944K, used 5655K [0x08150000, 0x08c00000, 0x12c00000)
   the space 10944K,  51% used [0x08150000, 0x086d5c38, 0x086d5e00, 0x08c00000)
 Metaspace       used 7125K, capacity 7383K, committed 7424K, reserved 7552K
GC Heap History (10 events):
Event: 1.375 GC heap before
{Heap before GC invocations=6 (full 0):
 def new generation   total 4928K, used 4922K [0x02c00000, 0x03150000, 0x08150000)
  eden space 4416K, 100% used [0x02c00000, 0x03050000, 0x03050000)
  from space 512K,  98% used [0x03050000, 0x030ce838, 0x030d0000)
  to   space 512K,   0% used [0x030d0000, 0x030d0000, 0x03150000)
 tenured generation   total 10944K, used 4557K [0x08150000, 0x08c00000, 0x12c00000)
   the space 10944K,  41% used [0x08150000, 0x085c3480, 0x085c3600, 0x08c00000)
 Metaspace       used 6888K, capacity 7159K, committed 7296K, reserved 7552K
Event: 1.376 GC heap after
Heap after GC invocations=7 (full 0):
 def new generation   total 4928K, used 512K [0x02c00000, 0x03150000, 0x08150000)
  eden space 4416K,   0% used [0x02c00000, 0x02c00000, 0x03050000)
  from space 512K, 100% used [0x030d0000, 0x03150000, 0x03150000)
  to   space 512K,   0% used [0x03050000, 0x03050000, 0x030d0000)
 tenured generation   total 10944K, used 4794K [0x08150000, 0x08c00000, 0x12c00000)
   the space 10944K,  43% used [0x08150000, 0x085febc0, 0x085fec00, 0x08c00000)
 Metaspace       used 6888K, capacity 7159K, committed 7296K, reserved 7552K
}
Event: 1.492 GC heap before
{Heap before GC invocations=7 (full 0):
 def new generation   total 4928K, used 4928K [0x02c00000, 0x03150000, 0x08150000)
  eden space 4416K, 100% used [0x02c00000, 0x03050000, 0x03050000)
  from space 512K, 100% used [0x030d0000, 0x03150000, 0x03150000)
  to   space 512K,   0% used [0x03050000, 0x03050000, 0x030d0000)
 tenured generation   total 10944K, used 4794K [0x08150000, 0x08c00000, 0x12c00000)
   the space 10944K,  43% used [0x08150000, 0x085febc0, 0x085fec00, 0x08c00000)
 Metaspace       used 7102K, capacity 7351K, committed 7424K, reserved 7552K
Event: 1.493 GC heap after
Heap after GC invocations=8 (full 0):
 def new generation   total 4928K, used 511K [0x02c00000, 0x03150000, 0x08150000)
  eden space 4416K,   0% used [0x02c00000, 0x02c00000, 0x03050000)
  from space 512K,  99% used [0x03050000, 0x030cfff8, 0x030d0000)
  to   space 512K,   0% used [0x030d0000, 0x030d0000, 0x03150000)
 tenured generation   total 10944K, used 5176K [0x08150000, 0x08c00000, 0x12c00000)
   the space 10944K,  47% used [0x08150000, 0x0865e0c8, 0x0865e200, 0x08c00000)
 Metaspace       used 7102K, capacity 7351K, committed 7424K, reserved 7552K
}
Event: 9.256 GC heap before
{Heap before GC invocations=8 (full 0):
 def new generation   total 4928K, used 4927K [0x02c00000, 0x03150000, 0x08150000)
  eden space 4416K, 100% used [0x02c00000, 0x03050000, 0x03050000)
  from space 512K,  99% used [0x03050000, 0x030cfff8, 0x030d0000)
  to   space 512K,   0% used [0x030d0000, 0x030d0000, 0x03150000)
 tenured generation   total 10944K, used 5176K [0x08150000, 0x08c00000, 0x12c00000)
   the space 10944K,  47% used [0x08150000, 0x0865e0c8, 0x0865e200, 0x08c00000)
 Metaspace       used 7114K, capacity 7351K, committed 7424K, reserved 7552K
Event: 9.259 GC heap after
Heap after GC invocations=9 (full 0):
 def new generation   total 4928K, used 90K [0x02c00000, 0x03150000, 0x08150000)
  eden space 4416K,   0% used [0x02c00000, 0x02c00000, 0x03050000)
  from space 512K,  17% used [0x030d0000, 0x030e6bc8, 0x03150000)
  to   space 512K,   0% used [0x03050000, 0x03050000, 0x030d0000)
 tenured generation   total 10944K, used 5222K [0x08150000, 0x08c00000, 0x12c00000)
   the space 10944K,  47% used [0x08150000, 0x086699a0, 0x08669a00, 0x08c00000)
 Metaspace       used 7114K, capacity 7351K, committed 7424K, reserved 7552K
}
Event: 13.394 GC heap before
{Heap before GC invocations=9 (full 0):
 def new generation   total 4928K, used 4506K [0x02c00000, 0x03150000, 0x08150000)
  eden space 4416K, 100% used [0x02c00000, 0x03050000, 0x03050000)
  from space 512K,  17% used [0x030d0000, 0x030e6bc8, 0x03150000)
  to   space 512K,   0% used [0x03050000, 0x03050000, 0x030d0000)
 tenured generation   total 10944K, used 5222K [0x08150000, 0x08c00000, 0x12c00000)
   the space 10944K,  47% used [0x08150000, 0x086699a0, 0x08669a00, 0x08c00000)
 Metaspace       used 7123K, capacity 7383K, committed 7424K, reserved 7552K
Event: 13.396 GC heap after
Heap after GC invocations=10 (full 0):
 def new generation   total 4928K, used 88K [0x02c00000, 0x03150000, 0x08150000)
  eden space 4416K,   0% used [0x02c00000, 0x02c00000, 0x03050000)
  from space 512K,  17% used [0x03050000, 0x03066158, 0x030d0000)
  to   space 512K,   0% used [0x030d0000, 0x030d0000, 0x03150000)
 tenured generation   total 10944K, used 5222K [0x08150000, 0x08c00000, 0x12c00000)
   the space 10944K,  47% used [0x08150000, 0x086699a0, 0x08669a00, 0x08c00000)
 Metaspace       used 7123K, capacity 7383K, committed 7424K, reserved 7552K
}
Event: 16.295 GC heap before
{Heap before GC invocations=10 (full 0):
 def new generation   total 4928K, used 4504K [0x02c00000, 0x03150000, 0x08150000)
  eden space 4416K, 100% used [0x02c00000, 0x03050000, 0x03050000)
  from space 512K,  17% used [0x03050000, 0x03066158, 0x030d0000)
  to   space 512K,   0% used [0x030d0000, 0x030d0000, 0x03150000)
 tenured generation   total 10944K, used 5222K [0x08150000, 0x08c00000, 0x12c00000)
   the space 10944K,  47% used [0x08150000, 0x086699a0, 0x08669a00, 0x08c00000)
 Metaspace       used 7125K, capacity 7383K, committed 7424K, reserved 7552K
Event: 16.299 GC heap after
Heap after GC invocations=11 (full 0):
 def new generation   total 4928K, used 511K [0x02c00000, 0x03150000, 0x08150000)
  eden space 4416K,   0% used [0x02c00000, 0x02c00000, 0x03050000)
  from space 512K,  99% used [0x030d0000, 0x0314fff8, 0x03150000)
  to   space 512K,   0% used [0x03050000, 0x03050000, 0x030d0000)
 tenured generation   total 10944K, used 5655K [0x08150000, 0x08c00000, 0x12c00000)
   the space 10944K,  51% used [0x08150000, 0x086d5c38, 0x086d5e00, 0x08c00000)
 Metaspace       used 7125K, capacity 7383K, committed 7424K, reserved 7552K
}

