# JRE version: Java(TM) SE Runtime Environment (8.0_51-b16) (build 1.8.0_51-b16)
# Java VM: Java HotSpot(TM) Client VM (25.51-b03 mixed mode windows-x86 )
Heap:
 def new generation   total 4928K, used 3609K [0x02c00000, 0x03150000, 0x08150000)
  eden space 4416K,  70% used [0x02c00000, 0x02f06460, 0x03050000)
  from space 512K, 100% used [0x03050000, 0x030d0000, 0x030d0000)
  to   space 512K,   0% used [0x030d0000, 0x030d0000, 0x03150000)
 tenured generation   total 10944K, used 4745K [0x08150000, 0x08c00000, 0x12c00000)
   the space 10944K,  43% used [0x08150000, 0x085f2570, 0x085f2600, 0x08c00000)
 Metaspace       used 7121K, capacity 7383K, committed 7424K, reserved 7552K
GC Heap History (10 events):
Event: 1.175 GC heap before
{Heap before GC invocations=5 (full 0):
 def new generation   total 4928K, used 4928K [0x02c00000, 0x03150000, 0x08150000)
  eden space 4416K, 100% used [0x02c00000, 0x03050000, 0x03050000)
  from space 512K, 100% used [0x030d0000, 0x03150000, 0x03150000)
  to   space 512K,   0% used [0x03050000, 0x03050000, 0x030d0000)
 tenured generation   total 10944K, used 3848K [0x08150000, 0x08c00000, 0x12c00000)
   the space 10944K,  35% used [0x08150000, 0x08512328, 0x08512400, 0x08c00000)
 Metaspace       used 6887K, capacity 7159K, committed 7296K, reserved 7552K
Event: 1.177 GC heap after
Heap after GC invocations=6 (full 0):
 def new generation   total 4928K, used 438K [0x02c00000, 0x03150000, 0x08150000)
  eden space 4416K,   0% used [0x02c00000, 0x02c00000, 0x03050000)
  from space 512K,  85% used [0x03050000, 0x030bd9f8, 0x030d0000)
  to   space 512K,   0% used [0x030d0000, 0x030d0000, 0x03150000)
 tenured generation   total 10944K, used 4048K [0x08150000, 0x08c00000, 0x12c00000)
   the space 10944K,  36% used [0x08150000, 0x08544158, 0x08544200, 0x08c00000)
 Metaspace       used 6887K, capacity 7159K, committed 7296K, reserved 7552K
}
Event: 1.308 GC heap before
{Heap before GC invocations=6 (full 0):
 def new generation   total 4928K, used 4854K [0x02c00000, 0x03150000, 0x08150000)
  eden space 4416K, 100% used [0x02c00000, 0x03050000, 0x03050000)
  from space 512K,  85% used [0x03050000, 0x030bd9f8, 0x030d0000)
  to   space 512K,   0% used [0x030d0000, 0x030d0000, 0x03150000)
 tenured generation   total 10944K, used 4048K [0x08150000, 0x08c00000, 0x12c00000)
   the space 10944K,  36% used [0x08150000, 0x08544158, 0x08544200, 0x08c00000)
 Metaspace       used 6890K, capacity 7159K, committed 7296K, reserved 7552K
Event: 1.310 GC heap after
Heap after GC invocations=7 (full 0):
 def new generation   total 4928K, used 512K [0x02c00000, 0x03150000, 0x08150000)
  eden space 4416K,   0% used [0x02c00000, 0x02c00000, 0x03050000)
  from space 512K, 100% used [0x030d0000, 0x03150000, 0x03150000)
  to   space 512K,   0% used [0x03050000, 0x03050000, 0x030d0000)
 tenured generation   total 10944K, used 4444K [0x08150000, 0x08c00000, 0x12c00000)
   the space 10944K,  40% used [0x08150000, 0x085a73f0, 0x085a7400, 0x08c00000)
 Metaspace       used 6890K, capacity 7159K, committed 7296K, reserved 7552K
}
Event: 7.425 GC heap before
{Heap before GC invocations=7 (full 0):
 def new generation   total 4928K, used 4928K [0x02c00000, 0x03150000, 0x08150000)
  eden space 4416K, 100% used [0x02c00000, 0x03050000, 0x03050000)
  from space 512K, 100% used [0x030d0000, 0x03150000, 0x03150000)
  to   space 512K,   0% used [0x03050000, 0x03050000, 0x030d0000)
 tenured generation   total 10944K, used 4444K [0x08150000, 0x08c00000, 0x12c00000)
   the space 10944K,  40% used [0x08150000, 0x085a73f0, 0x085a7400, 0x08c00000)
 Metaspace       used 7117K, capacity 7383K, committed 7424K, reserved 7552K
Event: 7.428 GC heap after
Heap after GC invocations=8 (full 0):
 def new generation   total 4928K, used 492K [0x02c00000, 0x03150000, 0x08150000)
  eden space 4416K,   0% used [0x02c00000, 0x02c00000, 0x03050000)
  from space 512K,  96% used [0x03050000, 0x030cb218, 0x030d0000)
  to   space 512K,   0% used [0x030d0000, 0x030d0000, 0x03150000)
 tenured generation   total 10944K, used 4468K [0x08150000, 0x08c00000, 0x12c00000)
   the space 10944K,  40% used [0x08150000, 0x085ad3c8, 0x085ad400, 0x08c00000)
 Metaspace       used 7117K, capacity 7383K, committed 7424K, reserved 7552K
}
Event: 13.184 GC heap before
{Heap before GC invocations=8 (full 0):
 def new generation   total 4928K, used 4908K [0x02c00000, 0x03150000, 0x08150000)
  eden space 4416K, 100% used [0x02c00000, 0x03050000, 0x03050000)
  from space 512K,  96% used [0x03050000, 0x030cb218, 0x030d0000)
  to   space 512K,   0% used [0x030d0000, 0x030d0000, 0x03150000)
 tenured generation   total 10944K, used 4468K [0x08150000, 0x08c00000, 0x12c00000)
   the space 10944K,  40% used [0x08150000, 0x085ad3c8, 0x085ad400, 0x08c00000)
 Metaspace       used 7120K, capacity 7383K, committed 7424K, reserved 7552K
Event: 13.186 GC heap after
Heap after GC invocations=9 (full 0):
 def new generation   total 4928K, used 11K [0x02c00000, 0x03150000, 0x08150000)
  eden space 4416K,   0% used [0x02c00000, 0x02c00000, 0x03050000)
  from space 512K,   2% used [0x030d0000, 0x030d2e48, 0x03150000)
  to   space 512K,   0% used [0x03050000, 0x03050000, 0x030d0000)
 tenured generation   total 10944K, used 4573K [0x08150000, 0x08c00000, 0x12c00000)
   the space 10944K,  41% used [0x08150000, 0x085c7598, 0x085c7600, 0x08c00000)
 Metaspace       used 7120K, capacity 7383K, committed 7424K, reserved 7552K
}
Event: 15.665 GC heap before
{Heap before GC invocations=9 (full 0):
 def new generation   total 4928K, used 4427K [0x02c00000, 0x03150000, 0x08150000)
  eden space 4416K, 100% used [0x02c00000, 0x03050000, 0x03050000)
  from space 512K,   2% used [0x030d0000, 0x030d2e48, 0x03150000)
  to   space 512K,   0% used [0x03050000, 0x03050000, 0x030d0000)
 tenured generation   total 10944K, used 4573K [0x08150000, 0x08c00000, 0x12c00000)
   the space 10944K,  41% used [0x08150000, 0x085c7598, 0x085c7600, 0x08c00000)
 Metaspace       used 7120K, capacity 7383K, committed 7424K, reserved 7552K
Event: 15.668 GC heap after
Heap after GC invocations=10 (full 0):
 def new generation   total 4928K, used 512K [0x02c00000, 0x03150000, 0x08150000)
  eden space 4416K,   0% used [0x02c00000, 0x02c00000, 0x03050000)
  from space 512K, 100% used [0x03050000, 0x030d0000, 0x030d0000)
  to   space 512K,   0% used [0x030d0000, 0x030d0000, 0x03150000)
 tenured generation   total 10944K, used 4745K [0x08150000, 0x08c00000, 0x12c00000)
   the space 10944K,  43% used [0x08150000, 0x085f2570, 0x085f2600, 0x08c00000)
 Metaspace       used 7120K, capacity 7383K, committed 7424K, reserved 7552K
}

